LOG (JsonIsValid():lib/seed-json.cc:24) Branch's message : 
{
	"name":	"joys of programming",
	"what":	123
}
LOG (JsonIsValid():lib/seed-json.cc:24) Branch's message : 
{
	"name":	"Jack (\"Bee\") Nimble",
	"format":	{
		"type":	"rect",
		"width":	1920,
		"height":	1080,
		"interlace":	false,
		"frame rate":	24
	}
}
LOG (JsonIsValid():lib/seed-json.cc:24) Branch's message : 
{
	"schedule":	["2h30", "3h30"]
}
LOG (JsonIsValid():lib/seed-json.cc:24) Branch's message : 
{
	"name":	"joys of programming",
	"what":	123
}
LOG (JsonIsValid():lib/seed-json.cc:24) Branch's message : 
{
	"name":	"Jack (\"Bee\") Nimble",
	"format":	{
		"type":	"rect",
		"width":	1920,
		"height":	1080,
		"interlace":	false,
		"frame rate":	24
	}
}
LOG (JsonIsValid():lib/seed-json.cc:24) Branch's message : 
{
	"schedule":	["2h30", "3h30"]
}
LOG (JsonIsValid():lib/seed-json.cc:24) Branch's message : 
{
	"name":	"joys of programming",
	"what":	123
}
LOG (JsonIsValid():lib/seed-json.cc:24) Branch's message : 
{
	"name":	"Jack (\"Bee\") Nimble",
	"format":	{
		"type":	"rect",
		"width":	1920,
		"height":	1080,
		"interlace":	false,
		"frame rate":	24
	}
}
LOG (JsonIsValid():lib/seed-json.cc:24) Branch's message : 
{
	"schedule":	["2h30", "3h30"]
}
LOG (JsonIsValid():lib/seed-json.cc:24) Branch's message : 
{
	"name":	"joys of programming",
	"what":	123
}
LOG (JsonIsValid():lib/seed-json.cc:24) Branch's message : 
{
	"name":	"Jack (\"Bee\") Nimble",
	"format":	{
		"type":	"rect",
		"width":	1920,
		"height":	1080,
		"interlace":	false,
		"frame rate":	24
	}
}
LOG (JsonIsValid():lib/seed-json.cc:24) Branch's message : 
{
	"schedule":	["2h30", "3h30"]
}
LOG (JsonIsValid():lib/seed-json.cc:24) Branch's message : 
{
	"name":	"joys of programming",
	"what":	123
}
LOG (JsonIsValid():lib/seed-json.cc:24) Branch's message : 
{
	"name":	"Jack (\"Bee\") Nimble",
	"format":	{
		"type":	"rect",
		"width":	1920,
		"height":	1080,
		"interlace":	false,
		"frame rate":	24
	}
}
LOG (JsonIsValid():lib/seed-json.cc:24) Branch's message : 
{
	"schedule":	["2h30", "3h30"]
}
LOG (JsonIsValid():lib/seed-json.cc:24) Branch's message : 
{
	"name":	"joys of programming",
	"what":	123
}
LOG (JsonIsValid():lib/seed-json.cc:24) Branch's message : 
{
	"name":	"Jack (\"Bee\") Nimble",
	"format":	{
		"type":	"rect",
		"width":	1920,
		"height":	1080,
		"interlace":	false,
		"frame rate":	24
	}
}
LOG (JsonIsValid():lib/seed-json.cc:24) Branch's message : 
{
	"schedule":	["2h30", "3h30"]
}
LOG (JsonIsValid():lib/seed-json.cc:24) Branch's message : 
{
	"name":	"joys of programming",
	"what":	123
}
LOG (JsonIsValid():lib/seed-json.cc:24) Branch's message : 
{
	"name":	"Jack (\"Bee\") Nimble",
	"format":	{
		"type":	"rect",
		"width":	1920,
		"height":	1080,
		"interlace":	false,
		"frame rate":	24
	}
}
LOG (JsonIsValid():lib/seed-json.cc:24) Branch's message : 
{
	"schedule":	["2h30", "3h30"]
}
LOG (JsonIsValid():lib/seed-json.cc:24) Branch's message : 
{
	"name":	"joys of programming",
	"what":	123
}
LOG (JsonIsValid():lib/seed-json.cc:24) Branch's message : 
{
	"name":	"Jack (\"Bee\") Nimble",
	"format":	{
		"type":	"rect",
		"width":	1920,
		"height":	1080,
		"interlace":	false,
		"frame rate":	24
	}
}
LOG (JsonIsValid():lib/seed-json.cc:24) Branch's message : 
{
	"schedule":	["2h30", "3h30"]
}
LOG (JsonIsValid():lib/seed-json.cc:24) Branch's message : 
{
	"name":	"joys of programming",
	"what":	123
}
LOG (JsonIsValid():lib/seed-json.cc:24) Branch's message : 
{
	"name":	"Jack (\"Bee\") Nimble",
	"format":	{
		"type":	"rect",
		"width":	1920,
		"height":	1080,
		"interlace":	false,
		"frame rate":	24
	}
}
LOG (JsonIsValid():lib/seed-json.cc:24) Branch's message : 
{
	"schedule":	["2h30", "3h30"]
}
LOG (JsonIsValid():lib/seed-json.cc:24) Branch's message : 
{
	"schedule":	["2h30", "3h30"]
}
LOG (JsonIsValid():lib/seed-json.cc:24) Branch's message : 
{
	"data":	{
		"temptTank":	{
			"tempt1":	25,
			"tempt2":	26
		}
	}
}
LOG (JsonIsValid():lib/seed-json.cc:24) Branch's message : 
{
	"schedule":	["2h30", "3h30"]
}
LOG (JsonIsValid():lib/seed-json.cc:24) Branch's message : 
{
	"data":	{
		"temptTank":	{
			"tempt1":	25,
			"tempt2":	26
		}
	}
}
LOG (JsonIsValid():lib/seed-json.cc:24) Branch's message : 
{
	"schedule":	["2h30", "3h30"]
}
LOG (JsonIsValid():lib/seed-json.cc:24) Branch's message : 
{
	"data":	{
		"temptTank":	{
			"tempt1":	25,
			"tempt2":	26
		}
	}
}
LOG (JsonIsValid():lib/seed-json.cc:24) Branch's message : 
{
	"schedule":	["2h30", "3h30"]
}
LOG (JsonIsValid():lib/seed-json.cc:24) Branch's message : 
{
	"data":	{
		"temptTank":	{
			"tempt1":	25,
			"tempt2":	26
		}
	}
}
LOG (JsonIsValid():lib/seed-json.cc:24) Branch's message : 
{
	"schedule":	["2h30", "3h30"]
}
LOG (JsonIsValid():lib/seed-json.cc:24) Branch's message : 
{
	"data":	{
		"temptTank":	{
			"tempt1":	25,
			"tempt2":	26
		}
	}
}
LOG (JsonIsValid():lib/seed-json.cc:24) Branch's message : 
{
	"schedule":	["2h30", "3h30"]
}
LOG (JsonIsValid():lib/seed-json.cc:24) Branch's message : 
{
	"data":	{
		"temptTank":	{
			"tempt1":	25,
			"tempt2":	26
		}
	}
}
LOG (JsonIsValid():lib/seed-json.cc:24) Branch's message : 
{
	"data":	{
		"temptTank":	{
			"tempt1":	25,
			"tempt2":	26
		}
	}
}
LOG (JsonIsValid():lib/seed-json.cc:24) Branch's message : 
{
	"schedule":	["2h30", "3h30"]
}
LOG (JsonIsValid():lib/seed-json.cc:24) Branch's message : 
{
	"data":	{
		"temptTank":	{
			"tempt1":	25,
			"tempt2":	26
		}
	}
}
LOG (JsonIsValid():lib/seed-json.cc:24) Branch's message : 
{
	"color":	["blue", "green"]
}
LOG (JsonIsValid():lib/seed-json.cc:24) {
	"data":	{
		"temptTank":	{
			"tempt1":	25,
			"tempt2":	26
		}
	}
}
LOG (JsonIsValid():lib/seed-json.cc:24) {
	"color":	["blue", "green"]
}
LOG (JsonIsValid():lib/seed-json.cc:24) {
	"data":	{
		"temptTank":	{
			"tempt1":	25,
			"tempt2":	26
		}
	}
}
LOG (JsonIsValid():lib/seed-json.cc:24) {
	"color":	["blue", "green"]
}
LOG (JsonIsValid():lib/seed-json.cc:24) {
	"data":	{
		"temptTank":	{
			"tempt1":	25,
			"tempt2":	26
		}
	}
}
LOG (JsonIsValid():lib/seed-json.cc:24) {
	"color":	["blue", "green"]
}
LOG (JsonIsValid():lib/seed-json.cc:24) {
	"set":	{
		"temptTank":	{
			"tempt1":	1,
			"tempt2":	0
		},
		"DO":	{
			"DO1":	1,
			"DO2":	0
		},
		"amoniac":	{
			"amoniac1":	1
		},
		"nitrit":	{
			"nitrit1":	1
		},
		"nitrat":	{
			"nitrat1":	1
		},
		"hardness":	{
			"hardness1":	1
		}
	}
}
LOG (JsonIsValid():lib/seed-json.cc:24) {
	"data":	{
		"temptTank":	{
			"tempt1":	25,
			"tempt2":	26
		}
	}
}
LOG (JsonIsValid():lib/seed-json.cc:24) {
	"color":	["blue", "green"]
}
LOG (JsonIsValid():lib/seed-json.cc:24) {
	"set":	{
		"temptTank":	{
			"tempt1":	1,
			"tempt2":	0
		},
		"DO":	{
			"DO1":	1,
			"DO2":	0
		},
		"amoniac":	{
			"amoniac1":	1
		},
		"nitrit":	{
			"nitrit1":	1
		},
		"nitrat":	{
			"nitrat1":	1
		},
		"hardness":	{
			"hardness1":	1
		}
	}
}
LOG (JsonIsValid():lib/seed-json.cc:24) {
	"data":	{
		"temptTank":	{
			"tempt1":	25,
			"tempt2":	26
		}
	}
}
LOG (JsonIsValid():lib/seed-json.cc:24) {
	"color":	["blue", "green"]
}
LOG (JsonIsValid():lib/seed-json.cc:24) {
	"set":	{
		"temptTank":	{
			"tempt1":	1,
			"tempt2":	0
		},
		"DO":	{
			"DO1":	1,
			"DO2":	0
		},
		"amoniac":	{
			"amoniac1":	1
		},
		"nitrit":	{
			"nitrit1":	1
		},
		"nitrat":	{
			"nitrat1":	1
		},
		"hardness":	{
			"hardness1":	1
		}
	}
}
LOG (JsonIsValid():lib/seed-json.cc:24) {
	"data":	{
		"temptTank":	{
			"tempt1":	25,
			"tempt2":	26
		}
	}
}
LOG (JsonIsValid():lib/seed-json.cc:24) {
	"color":	["blue", "green"]
}
LOG (JsonIsValid():lib/seed-json.cc:24) {
	"set":	{
		"temptTank":	{
			"tempt1":	1,
			"tempt2":	0
		},
		"DO":	{
			"DO1":	1,
			"DO2":	0
		},
		"amoniac":	{
			"amoniac1":	1
		},
		"nitrit":	{
			"nitrit1":	1
		},
		"nitrat":	{
			"nitrat1":	1
		},
		"hardness":	{
			"hardness1":	1
		}
	}
}
LOG (JsonIsValid():lib/seed-json.cc:24) {
	"data":	{
		"temptTank":	{
			"tempt1":	25,
			"tempt2":	26
		}
	}
}
LOG (JsonIsValid():lib/seed-json.cc:24) {
	"color":	["blue", "green"]
}
LOG (JsonIsValid():lib/seed-json.cc:24) {
	"set":	{
		"temptTank":	{
			"tempt1":	1,
			"tempt2":	0
		},
		"DO":	{
			"DO1":	1,
			"DO2":	0
		},
		"amoniac":	{
			"amoniac1":	1
		},
		"nitrit":	{
			"nitrit1":	1
		},
		"nitrat":	{
			"nitrat1":	1
		},
		"hardness":	{
			"hardness1":	1
		}
	}
}
LOG (JsonIsValid():lib/seed-json.cc:24) {
	"data":	{
		"temptTank":	{
			"tempt1":	25,
			"tempt2":	26
		}
	}
}
LOG (JsonIsValid():lib/seed-json.cc:24) {
	"color":	["blue", "green"]
}
LOG (JsonIsValid():lib/seed-json.cc:24) {
	"set":	{
		"temptTank":	{
			"tempt1":	1,
			"tempt2":	0
		},
		"DO":	{
			"DO1":	1,
			"DO2":	0
		},
		"amoniac":	{
			"amoniac1":	1
		},
		"nitrit":	{
			"nitrit1":	1
		},
		"nitrat":	{
			"nitrat1":	1
		},
		"hardness":	{
			"hardness1":	1
		}
	}
}
LOG (JsonIsValid():lib/seed-json.cc:24) {
	"data":	{
		"temptTank":	{
			"tempt1":	25,
			"tempt2":	26
		}
	}
}
LOG (JsonIsValid():lib/seed-json.cc:24) {
	"color":	["blue", "green"]
}
LOG (JsonIsValid():lib/seed-json.cc:24) {
	"set":	{
		"temptTank":	{
			"tempt1":	1,
			"tempt2":	0
		},
		"DO":	{
			"DO1":	1,
			"DO2":	0
		},
		"amoniac":	{
			"amoniac1":	1
		},
		"nitrit":	{
			"nitrit1":	1
		},
		"nitrat":	{
			"nitrat1":	1
		},
		"hardness":	{
			"hardness1":	1
		}
	}
}
LOG (JsonIsValid():lib/seed-json.cc:24) {
	"data":	{
		"temptTank":	{
			"tempt1":	25,
			"tempt2":	26
		}
	}
}
LOG (JsonIsValid():lib/seed-json.cc:24) {
	"color":	["blue", "green"]
}
LOG (JsonIsValid():lib/seed-json.cc:24) {
	"set":	{
		"temptTank":	{
			"tempt1":	1,
			"tempt2":	0
		},
		"DO":	{
			"DO1":	1,
			"DO2":	0
		},
		"amoniac":	{
			"amoniac1":	1
		},
		"nitrit":	{
			"nitrit1":	1
		},
		"nitrat":	{
			"nitrat1":	1
		},
		"hardness":	{
			"hardness1":	1
		}
	}
}
LOG (JsonIsValid():lib/seed-json.cc:24) {
	"data":	{
		"temptTank":	{
			"tempt1":	25,
			"tempt2":	26
		}
	}
}
LOG (JsonIsValid():lib/seed-json.cc:24) {
	"color":	["blue", "green"]
}
LOG (JsonIsValid():lib/seed-json.cc:24) {
	"set":	{
		"temptTank":	{
			"tempt1":	1,
			"tempt2":	0
		},
		"DO":	{
			"DO1":	1,
			"DO2":	0
		},
		"amoniac":	{
			"amoniac1":	1
		},
		"nitrit":	{
			"nitrit1":	1
		},
		"nitrat":	{
			"nitrat1":	1
		},
		"hardness":	{
			"hardness1":	1
		}
	}
}
LOG (JsonIsValid():lib/seed-json.cc:24) {
	"schedule":	["2h30", "3h30"]
}
LOG (JsonIsValid():lib/seed-json.cc:24) {
	"data":	{
		"temptTank":	{
			"tempt1":	25,
			"tempt2":	26
		}
	}
}
LOG (JsonIsValid():lib/seed-json.cc:24) {
	"color":	["blue", "green"]
}
LOG (JsonIsValid():lib/seed-json.cc:24) {
	"set":	{
		"temptTank":	{
			"tempt1":	1,
			"tempt2":	0
		},
		"DO":	{
			"DO1":	1,
			"DO2":	0
		},
		"amoniac":	{
			"amoniac1":	1
		},
		"nitrit":	{
			"nitrit1":	1
		},
		"nitrat":	{
			"nitrat1":	1
		},
		"hardness":	{
			"hardness1":	1
		}
	}
}
LOG (JsonIsValid():lib/seed-json.cc:24) {
	"schedule":	["2h30", "3h30"]
}
LOG (JsonIsValid():lib/seed-json.cc:24) {
	"data":	{
		"temptTank":	{
			"tempt1":	25,
			"tempt2":	26
		}
	}
}
LOG (JsonIsValid():lib/seed-json.cc:24) {
	"color":	["blue", "green"]
}
LOG (JsonIsValid():lib/seed-json.cc:24) {
	"set":	{
		"temptTank":	{
			"tempt1":	1,
			"tempt2":	0
		},
		"DO":	{
			"DO1":	1,
			"DO2":	0
		},
		"amoniac":	{
			"amoniac1":	1
		},
		"nitrit":	{
			"nitrit1":	1
		},
		"nitrat":	{
			"nitrat1":	1
		},
		"hardness":	{
			"hardness1":	1
		}
	}
}
LOG (JsonIsValid():lib/seed-json.cc:24) {
	"schedule":	["2h30", "3h30"]
}
LOG (JsonIsValid():lib/seed-json.cc:24) {
	"data":	{
		"temptTank":	{
			"tempt1":	25,
			"tempt2":	26
		}
	}
}
LOG (JsonIsValid():lib/seed-json.cc:24) {
	"color":	["blue", "green"]
}
LOG (JsonIsValid():lib/seed-json.cc:24) {
	"set":	{
		"temptTank":	{
			"tempt1":	1,
			"tempt2":	0
		},
		"DO":	{
			"DO1":	1,
			"DO2":	0
		},
		"amoniac":	{
			"amoniac1":	1
		},
		"nitrit":	{
			"nitrit1":	1
		},
		"nitrat":	{
			"nitrat1":	1
		},
		"hardness":	{
			"hardness1":	1
		}
	}
}
LOG (JsonIsValid():lib/seed-json.cc:24) {
	"schedule":	["2h30", "3h30"]
}
LOG (JsonIsValid():lib/seed-json.cc:24) {
	"data":	{
		"temptTank":	{
			"tempt1":	25,
			"tempt2":	26
		}
	}
}
LOG (JsonIsValid():lib/seed-json.cc:24) {
	"color":	["blue", "green"]
}
LOG (JsonIsValid():lib/seed-json.cc:24) {
	"set":	{
		"temptTank":	{
			"tempt1":	1,
			"tempt2":	0
		},
		"DO":	{
			"DO1":	1,
			"DO2":	0
		},
		"amoniac":	{
			"amoniac1":	1
		},
		"nitrit":	{
			"nitrit1":	1
		},
		"nitrat":	{
			"nitrat1":	1
		},
		"hardness":	{
			"hardness1":	1
		}
	}
}
LOG (JsonIsValid():lib/seed-json.cc:24) {
	"schedule":	["2h30", "3h30"]
}
LOG (JsonIsValid():lib/seed-json.cc:24) {
	"data":	{
		"temptTank":	{
			"tempt1":	25,
			"tempt2":	26
		}
	}
}
LOG (JsonIsValid():lib/seed-json.cc:24) {
	"color":	["blue", "green"]
}
LOG (JsonIsValid():lib/seed-json.cc:24) {
	"set":	{
		"temptTank":	{
			"tempt1":	1,
			"tempt2":	0
		},
		"DO":	{
			"DO1":	1,
			"DO2":	0
		},
		"amoniac":	{
			"amoniac1":	1
		},
		"nitrit":	{
			"nitrit1":	1
		},
		"nitrat":	{
			"nitrat1":	1
		},
		"hardness":	{
			"hardness1":	1
		}
	}
}
LOG (JsonIsValid():lib/seed-json.cc:24) {
	"schedule":	["2h30", "3h30"]
}
LOG (JsonIsValid():lib/seed-json.cc:24) {
	"data":	{
		"temptTank":	{
			"tempt1":	25,
			"tempt2":	26
		}
	}
}
LOG (JsonIsValid():lib/seed-json.cc:24) {
	"color":	["blue", "green"]
}
LOG (JsonIsValid():lib/seed-json.cc:24) {
	"set":	{
		"temptTank":	{
			"tempt1":	1,
			"tempt2":	0
		},
		"DO":	{
			"DO1":	1,
			"DO2":	0
		},
		"amoniac":	{
			"amoniac1":	1
		},
		"nitrit":	{
			"nitrit1":	1
		},
		"nitrat":	{
			"nitrat1":	1
		},
		"hardness":	{
			"hardness1":	1
		}
	}
}
LOG (JsonIsValid():lib/seed-json.cc:24) {
	"schedule":	["2h30", "3h30"]
}
LOG (JsonIsValid():lib/seed-json.cc:24) {
	"data":	{
		"temptTank":	{
			"tempt1":	25,
			"tempt2":	26
		}
	}
}
LOG (JsonIsValid():lib/seed-json.cc:24) {
	"color":	["blue", "green"]
}
LOG (JsonIsValid():lib/seed-json.cc:24) {
	"set":	{
		"temptTank":	{
			"tempt1":	1,
			"tempt2":	0
		},
		"DO":	{
			"DO1":	1,
			"DO2":	0
		},
		"amoniac":	{
			"amoniac1":	1
		},
		"nitrit":	{
			"nitrit1":	1
		},
		"nitrat":	{
			"nitrat1":	1
		},
		"hardness":	{
			"hardness1":	1
		}
	}
}
LOG (JsonIsValid():lib/seed-json.cc:24) {
	"schedule":	["2h30", "3h30"]
}
LOG (JsonIsValid():lib/seed-json.cc:24) {
	"data":	{
		"temptTank":	{
			"tempt1":	25,
			"tempt2":	26
		}
	}
}
LOG (JsonIsValid():lib/seed-json.cc:24) {
	"color":	["blue", "green"]
}
LOG (JsonIsValid():lib/seed-json.cc:24) {
	"set":	{
		"temptTank":	{
			"tempt1":	1,
			"tempt2":	0
		},
		"DO":	{
			"DO1":	1,
			"DO2":	0
		},
		"amoniac":	{
			"amoniac1":	1
		},
		"nitrit":	{
			"nitrit1":	1
		},
		"nitrat":	{
			"nitrat1":	1
		},
		"hardness":	{
			"hardness1":	1
		}
	}
}
LOG (JsonIsValid():lib/seed-json.cc:24) {
	"schedule":	["2h30", "3h30"]
}
LOG (JsonIsValid():lib/seed-json.cc:24) {
	"data":	{
		"temptTank":	{
			"tempt1":	25,
			"tempt2":	26
		}
	}
}
LOG (JsonIsValid():lib/seed-json.cc:24) {
	"color":	["blue", "green"]
}
LOG (JsonIsValid():lib/seed-json.cc:24) {
	"set":	{
		"temptTank":	{
			"tempt1":	1,
			"tempt2":	0
		},
		"DO":	{
			"DO1":	1,
			"DO2":	0
		},
		"amoniac":	{
			"amoniac1":	1
		},
		"nitrit":	{
			"nitrit1":	1
		},
		"nitrat":	{
			"nitrat1":	1
		},
		"hardness":	{
			"hardness1":	1
		}
	}
}
LOG (JsonIsValid():lib/seed-json.cc:24) {
	"schedule":	["2h30", "3h30"]
}
LOG (JsonIsValid():lib/seed-json.cc:24) {
	"data":	{
		"temptTank":	{
			"tempt1":	25,
			"tempt2":	26
		}
	}
}
LOG (JsonIsValid():lib/seed-json.cc:24) {
	"color":	["blue", "green"]
}
LOG (JsonIsValid():lib/seed-json.cc:24) {
	"set":	{
		"temptTank":	{
			"tempt1":	1,
			"tempt2":	0
		},
		"DO":	{
			"DO1":	1,
			"DO2":	0
		},
		"amoniac":	{
			"amoniac1":	1
		},
		"nitrit":	{
			"nitrit1":	1
		},
		"nitrat":	{
			"nitrat1":	1
		},
		"hardness":	{
			"hardness1":	1
		}
	}
}
LOG (JsonIsValid():lib/seed-json.cc:24) {
	"schedule":	["2h30", "3h30"]
}
