LOG (GetOptions():lib/seed-parse-config.cc:129) args[0][0]=PRINT_MONITOR
LOG (GetOptions():lib/seed-parse-config.cc:129) args[1][0]=PRINT_FILE
LOG (GetOptions():lib/seed-parse-config.cc:129) args[1][0]=PRINT_FILE
LOG (GetOptions():lib/seed-parse-config.cc:129) args[0][0]: PRINT_MONITOR
LOG (GetOptions():lib/seed-parse-config.cc:129) args[1][0]: PRINT_FILE
LOG (GetOptions():lib/seed-parse-config.cc:129) args[1][0]: PRINT_FILE
LOG (GetOptions():lib/seed-parse-config.cc:129) args[0][0]: PRINT_MONITOR
LOG (GetOptions():lib/seed-parse-config.cc:129) args[1][0]: PRINT_FILE
LOG (GetOptions():lib/seed-parse-config.cc:129) args[1][0]: PRINT_FILE
LOG (GetOptions():lib/seed-parse-config.cc:129) args[0][0]: PRINT_MONITOR=true
LOG (GetOptions():lib/seed-parse-config.cc:129) args[1][0]: PRINT_FILE=false
LOG (GetOptions():lib/seed-parse-config.cc:129) args[1][0]: PRINT_FILE=false
LOG (GetOptions():lib/seed-parse-config.cc:127) args[0][0]: PRINT_MONITOR=true
LOG (GetOptions():lib/seed-parse-config.cc:127) args[1][0]: PRINT_FILE=false
LOG (GetOptions():lib/seed-parse-config.cc:129) args[0]: PRINT_MONITOR=true
LOG (GetOptions():lib/seed-parse-config.cc:129) args[1]: PRINT_FILE=false
LOG (GetOptions():lib/seed-parse-config.cc:129) args[0]: PRINT_MONITOR=true
LOG (GetOptions():lib/seed-parse-config.cc:129) args[1]: PRINT_FILE=false
LOG (GetOptions():lib/seed-parse-config.cc:129) args[0]: PRINT_MONITOR=true
LOG (GetOptions():lib/seed-parse-config.cc:129) args[1]: PRINT_FILE=false
LOG (GetOptions():lib/seed-parse-config.cc:129) args[0]: PRINT_MONITOR=true
LOG (GetOptions():lib/seed-parse-config.cc:129) args[1]: PRINT_FILE=false
LOG (GetOptions():lib/seed-parse-config.cc:129) args[0]: PRINT_MONITOR=true
LOG (GetOptions():lib/seed-parse-config.cc:129) args[1]: PRINT_FILE=false
LOG (GetOptions():lib/seed-parse-config.cc:129) args[0]: PRINT_MONITOR=true
LOG (GetOptions():lib/seed-parse-config.cc:129) args[1]: PRINT_FILE=false
WARNING (PrintWarning():lib/seed-parse-config.cc:68) Config : "PRINT_MONITfOR=true"is not config
WARNING (PrintWarning():lib/seed-parse-config.cc:68) Config : "PRINT_FfILE=false"is not config
WARNING (PrintWarning():lib/seed-parse-config.cc:68) Config : "DEBUG_LfEVEL=2"is not config
WARNING (PrintWarning():lib/seed-parse-config.cc:68) Config : "INTERVAL_REfQUEST=1"is not config
ERROR (PrintUsage():lib/seed-parse-config.cc:184) 

Need a config file: "log/sys-config.cfg" 
Usage : <option> = <content>
ex : 
PRINT_MONITOR=true
PRINT_FILE=true
DEBUG_LEVEL=1
INTERVAL_REQUEST=1800
WARNING (PrintWarning():lib/seed-parse-config.cc:68) Config : "PRINT_MONITOR=truef"is wrong
WARNING (PrintWarning():lib/seed-parse-config.cc:68) Config : "PRINT_FILE=falsef"is wrong
WARNING (PrintWarning():lib/seed-parse-config.cc:68) Config : "DEBUG_LEVEL=2f"is wrong
WARNING (PrintWarning():lib/seed-parse-config.cc:68) Config : "INTERVAL_REfQUEST=1"is not config
ERROR (PrintUsage():lib/seed-parse-config.cc:184) 

Need a config file: "log/sys-config.cfg" 
Usage : <option> = <content>
ex : 
PRINT_MONITOR=true
PRINT_FILE=true
DEBUG_LEVEL=1
INTERVAL_REQUEST=1800
WARNING (PrintWarning():lib/seed-parse-config.cc:68) Config : "PRINT_MONITOR=truef" is wrong
WARNING (PrintWarning():lib/seed-parse-config.cc:68) Config : "PRINT_FILE=falsef" is wrong
WARNING (PrintWarning():lib/seed-parse-config.cc:68) Config : "DEBUG_LEVEL=2f" is wrong
WARNING (PrintWarning():lib/seed-parse-config.cc:68) Config : "INTERVAL_REfQUEST=1" is not config
ERROR (PrintUsage():lib/seed-parse-config.cc:184) 

Need a config file: "log/sys-config.cfg" 
Usage : <option> = <content>
ex : 
PRINT_MONITOR=true
PRINT_FILE=true
DEBUG_LEVEL=1
INTERVAL_REQUEST=1800
LOG (GetOptions():lib/seed-parse-config.cc:133) args[0]: PRINT_MONITOR=true
LOG (GetOptions():lib/seed-parse-config.cc:133) args[1]: PRINT_FILE=false
LOG (GetOptions():lib/seed-parse-config.cc:133) args[0]: PRINT_MONITOR=true
LOG (GetOptions():lib/seed-parse-config.cc:133) args[1]: PRINT_FILE=false
LOG (GetOptions():lib/seed-parse-config.cc:133) args[0]: PRINT_MONITOR=true
LOG (GetOptions():lib/seed-parse-config.cc:133) args[1]: PRINT_FILE=false
LOG (GetOptions():lib/seed-parse-config.cc:133) args[0]: PRINT_MONITOR=true
LOG (GetOptions():lib/seed-parse-config.cc:133) args[1]: PRINT_FILE=false
LOG (GetOptions():lib/seed-parse-config.cc:133) args[0]: PRINT_MONITOR=true
LOG (GetOptions():lib/seed-parse-config.cc:133) args[1]: PRINT_FILE=false
LOG (GetOptions():lib/seed-parse-config.cc:133) args[0]: PRINT_MONITOR=true
LOG (GetOptions():lib/seed-parse-config.cc:133) args[1]: PRINT_FILE=false
LOG (GetOptions():lib/seed-parse-config.cc:133) args[0]: PRINT_MONITOR=true
LOG (GetOptions():lib/seed-parse-config.cc:133) args[1]: PRINT_FILE=false
LOG (GetOptions():lib/seed-parse-config.cc:135) args[0]: PRINT_MONITOR=true
LOG (GetOptions():lib/seed-parse-config.cc:135) args[1]: PRINT_FILE=false
LOG (GetOptions():lib/seed-parse-config.cc:135) args[0]: PRINT_MONITOR=true
LOG (GetOptions():lib/seed-parse-config.cc:135) args[1]: PRINT_FILE=false
LOG (GetOptions():lib/seed-parse-config.cc:135) args[0]: PRINT_MONITOR=true
LOG (GetOptions():lib/seed-parse-config.cc:135) args[1]: PRINT_FILE=false
LOG (GetOptions():lib/seed-parse-config.cc:135) args[0]: PRINT_MONITOR=true
LOG (GetOptions():lib/seed-parse-config.cc:135) args[1]: PRINT_FILE=false
LOG (GetOptions():lib/seed-parse-config.cc:135) args[0]: PRINT_MONITOR=true
LOG (GetOptions():lib/seed-parse-config.cc:135) args[1]: PRINT_FILE=false
LOG (GetOptions():lib/seed-parse-config.cc:135) args[0]: PRINT_MONITOR=true
LOG (GetOptions():lib/seed-parse-config.cc:135) args[1]: PRINT_FILE=false
LOG (GetOptions():lib/seed-parse-config.cc:135) args[0]: PRINT_MONITOR=true
LOG (GetOptions():lib/seed-parse-config.cc:135) args[1]: PRINT_FILE=false
LOG (GetOptions():lib/seed-parse-config.cc:135) args[0]: PRINT_MONITOR=true
LOG (GetOptions():lib/seed-parse-config.cc:135) args[1]: PRINT_FILE=false
LOG (GetOptions():lib/seed-parse-config.cc:135) args[0]: PRINT_MONITOR=true
LOG (GetOptions():lib/seed-parse-config.cc:135) args[1]: PRINT_FILE=false
LOG (GetOptions():lib/seed-parse-config.cc:132) args[0]: PRINT_MONITOR=true
LOG (GetOptions():lib/seed-parse-config.cc:132) args[1]: PRINT_FILE=false
LOG (GetOptions():lib/seed-parse-config.cc:132) args[0]: PRINT_MONITOR=true
LOG (GetOptions():lib/seed-parse-config.cc:132) args[1]: PRINT_FILE=false
LOG (GetOptions():lib/seed-parse-config.cc:136) args[0]: PRINT_MONITOR=true
LOG (GetOptions():lib/seed-parse-config.cc:136) args[1]: PRINT_FILE=false
LOG (GetOptions():lib/seed-parse-config.cc:137) args[0]: PRINT_MONITOR=true
LOG (GetOptions():lib/seed-parse-config.cc:137) args[1]: PRINT_FILE=false
LOG (GetOptions():lib/seed-parse-config.cc:137) args[0]: PRINT_MONITOR=true
LOG (GetOptions():lib/seed-parse-config.cc:137) args[1]: PRINT_FILE=false
LOG (GetOptions():lib/seed-parse-config.cc:137) args[0]: PRINT_MONITOR=true
LOG (GetOptions():lib/seed-parse-config.cc:137) args[1]: PRINT_FILE=false
LOG (GetOptions():lib/seed-parse-config.cc:137) args[0]: PRINT_MONITOR=true
LOG (GetOptions():lib/seed-parse-config.cc:137) args[1]: PRINT_FILE=false
LOG (GetOptions():lib/seed-parse-config.cc:137) args[0]: PRINT_MONITOR=true
LOG (GetOptions():lib/seed-parse-config.cc:137) args[1]: PRINT_FILE=false
LOG (GetOptions():lib/seed-parse-config.cc:137) args[0]: PRINT_MONITOR=true
LOG (GetOptions():lib/seed-parse-config.cc:137) args[1]: PRINT_FILE=false
LOG (GetOptions():lib/seed-parse-config.cc:137) args[0]: PRINT_MONITOR=true
LOG (GetOptions():lib/seed-parse-config.cc:137) args[1]: PRINT_FILE=false
LOG (GetOptions():lib/seed-parse-config.cc:138) args[0]: PRINT_MONITOR=true
LOG (GetOptions():lib/seed-parse-config.cc:138) args[1]: PRINT_FILE=false
LOG (GetOptions():lib/seed-parse-config.cc:138) args[0]: PRINT_MONITOR=true
LOG (GetOptions():lib/seed-parse-config.cc:138) args[1]: PRINT_FILE=false
LOG (GetOptions():lib/seed-parse-config.cc:139) args[0]: PRINT_MONITOR=true
LOG (GetOptions():lib/seed-parse-config.cc:139) args[1]: PRINT_FILE=false
LOG (GetOptions():lib/seed-parse-config.cc:139) args[0]: PRINT_MONITOR=true
LOG (GetOptions():lib/seed-parse-config.cc:139) args[1]: PRINT_FILE=false
LOG (GetOptions():lib/seed-parse-config.cc:139) args[0]: PRINT_MONITOR=true
LOG (GetOptions():lib/seed-parse-config.cc:139) args[1]: PRINT_FILE=false
LOG (GetOptions():lib/seed-parse-config.cc:139) args[0]: PRINT_MONITOR=true
LOG (GetOptions():lib/seed-parse-config.cc:139) args[1]: PRINT_FILE=false
LOG (GetOptions():lib/seed-parse-config.cc:139) args[0]: PRINT_MONITOR=true
LOG (GetOptions():lib/seed-parse-config.cc:139) args[1]: PRINT_FILE=false
LOG (GetOptions():lib/seed-parse-config.cc:139) args[0]: PRINT_MONITOR=true
LOG (GetOptions():lib/seed-parse-config.cc:139) args[1]: PRINT_FILE=false
LOG (GetOptions():lib/seed-parse-config.cc:139) args[0]: PRINT_MONITOR=true
LOG (GetOptions():lib/seed-parse-config.cc:139) args[1]: PRINT_FILE=false
LOG (GetOptions():lib/seed-parse-config.cc:139) args[0]: PRINT_MONITOR=true
LOG (GetOptions():lib/seed-parse-config.cc:139) args[1]: PRINT_FILE=false
LOG (GetOptions():lib/seed-parse-config.cc:139) args[0]: PRINT_MONITOR=true
LOG (GetOptions():lib/seed-parse-config.cc:139) args[1]: PRINT_FILE=false
LOG (GetOptions():lib/seed-parse-config.cc:139) args[0]: PRINT_MONITOR=true
LOG (GetOptions():lib/seed-parse-config.cc:139) args[1]: PRINT_FILE=false
LOG (GetOptions():lib/seed-parse-config.cc:139) args[0]: PRINT_MONITOR=true
LOG (GetOptions():lib/seed-parse-config.cc:139) args[1]: PRINT_FILE=false
LOG (GetOptions():lib/seed-parse-config.cc:139) args[0]: PRINT_MONITOR=true
LOG (GetOptions():lib/seed-parse-config.cc:139) args[1]: PRINT_FILE=false
LOG (GetOptions():lib/seed-parse-config.cc:139) args[0]: PRINT_MONITOR=true
LOG (GetOptions():lib/seed-parse-config.cc:139) args[1]: PRINT_FILE=false
LOG (GetOptions():lib/seed-parse-config.cc:139) args[0]: PRINT_MONITOR=true
LOG (GetOptions():lib/seed-parse-config.cc:139) args[1]: PRINT_FILE=false
LOG (GetOptions():lib/seed-parse-config.cc:139) args[0]: PRINT_MONITOR=true
LOG (GetOptions():lib/seed-parse-config.cc:139) args[1]: PRINT_FILE=false
LOG (GetOptions():lib/seed-parse-config.cc:139) args[0]: PRINT_MONITOR=true
LOG (GetOptions():lib/seed-parse-config.cc:139) args[1]: PRINT_FILE=false
LOG (GetOptions():lib/seed-parse-config.cc:139) args[0]: PRINT_MONITOR=true
LOG (GetOptions():lib/seed-parse-config.cc:139) args[1]: PRINT_FILE=false
LOG (GetOptions():lib/seed-parse-config.cc:139) args[0]: PRINT_MONITOR=true
LOG (GetOptions():lib/seed-parse-config.cc:139) args[1]: PRINT_FILE=false
LOG (GetOptions():lib/seed-parse-config.cc:139) args[0]: PRINT_MONITOR=true
LOG (GetOptions():lib/seed-parse-config.cc:139) args[1]: PRINT_FILE=false
LOG (GetOptions():lib/seed-parse-config.cc:139) args[0]: PRINT_MONITOR=true
LOG (GetOptions():lib/seed-parse-config.cc:139) args[1]: PRINT_FILE=false
LOG (GetOptions():lib/seed-parse-config.cc:139) args[0]: PRINT_MONITOR=true
LOG (GetOptions():lib/seed-parse-config.cc:139) args[1]: PRINT_FILE=false
LOG (GetOptions():lib/seed-parse-config.cc:139) args[0]: PRINT_MONITOR=true
LOG (GetOptions():lib/seed-parse-config.cc:139) args[1]: PRINT_FILE=false
LOG (GetOptions():lib/seed-parse-config.cc:139) args[0]: PRINT_MONITOR=true
LOG (GetOptions():lib/seed-parse-config.cc:139) args[1]: PRINT_FILE=false
